--- call http://localhost:8000/polls/show/55/ at 2022-Feb-01 17:23:39 ---
Request : 55
Response : stdClass Object
(
    [code] => 0
    [message] => numero de carte inexistant
)

--- call http://localhost:8000/polls/show/55/ at 2022-Feb-01 17:23:39 ---
Request : 55
Response : stdClass Object
(
    [code] => 0
    [message] => numero de carte inexistant
)

--- call http://localhost:8000/polls/show/55/ at 2022-Feb-01 20:38:55 ---
Request : 55
Response : stdClass Object
(
    [code] => 0
    [message] => numero de carte inexistant
)

--- call http://localhost:8000/polls/show/55/ at 2022-Feb-01 20:38:55 ---
Request : 55
Response : stdClass Object
(
    [code] => 0
    [message] => numero de carte inexistant
)

--- call http://localhost:8000/polls/show/55/ at 2022-Feb-01 20:38:55 ---
Request : 55
Response : stdClass Object
(
    [code] => 0
    [message] => numero de carte inexistant
)

--- call http://localhost:8000/polls/show/55/ at 2022-Feb-01 20:38:55 ---
Request : 55
Response : stdClass Object
(
    [code] => 0
    [message] => numero de carte inexistant
)

--- call http://localhost:8000/polls/show/44/ at 2022-Feb-01 20:38:55 ---
Request : 44
Response : stdClass Object
(
    [code] => 0
    [message] => numero de carte inexistant
)

--- call http://localhost:8000/polls/show/11111111/ at 2022-Feb-01 20:38:55 ---
Request : 11111111
Response : stdClass Object
(
    [code] => 0
    [message] => numero de carte inexistant
)

--- call http://localhost:8000/polls/show/55/ at 2022-Feb-01 20:38:55 ---
Request : 55
Response : stdClass Object
(
    [code] => 0
    [message] => numero de carte inexistant
)

--- call http://localhost:8000/polls/show/55/ at 2022-Feb-01 20:38:55 ---
Request : 55
Response : stdClass Object
(
    [code] => 0
    [message] => numero de carte inexistant
)

--- call http://localhost:8000/polls/show/55/ at 2022-Feb-01 20:38:55 ---
Request : 55
Response : stdClass Object
(
    [code] => 0
    [message] => numero de carte inexistant
)

--- call http://localhost:8000/polls/show/55/ at 2022-Feb-01 20:39:45 ---
Request : 55
Response : stdClass Object
(
    [code] => 0
    [message] => numero de carte inexistant
)

--- call http://localhost:8000/polls/show/55/ at 2022-Feb-01 22:35:13 ---
Request : 55
Response : stdClass Object
(
    [code] => 0
    [message] => numero de carte inexistant
)

--- call http://localhost:8000/polls/show/55/ at 2022-Feb-01 22:35:13 ---
Request : 55
Response : stdClass Object
(
    [code] => 0
    [message] => numero de carte inexistant
)

--- call http://localhost:8000/polls/show/55/ at 2022-Feb-01 22:35:13 ---
Request : 55
Response : stdClass Object
(
    [code] => 0
    [message] => numero de carte inexistant
)

--- call http://localhost:8000/polls/show/55/ at 2022-Feb-01 22:35:13 ---
Request : 55
Response : stdClass Object
(
    [code] => 0
    [message] => numero de carte inexistant
)

--- call http://localhost:8000/polls/show/44/ at 2022-Feb-01 22:35:13 ---
Request : 44
Response : stdClass Object
(
    [code] => 0
    [message] => numero de carte inexistant
)

--- call http://localhost:8000/polls/show/11111111/ at 2022-Feb-01 22:35:13 ---
Request : 11111111
Response : stdClass Object
(
    [code] => 0
    [message] => numero de carte inexistant
)

--- call http://localhost:8000/polls/show/55/ at 2022-Feb-01 22:35:13 ---
Request : 55
Response : stdClass Object
(
    [code] => 0
    [message] => numero de carte inexistant
)

--- call http://localhost:8000/polls/show/55/ at 2022-Feb-01 22:35:13 ---
Request : 55
Response : stdClass Object
(
    [code] => 0
    [message] => numero de carte inexistant
)

--- call http://localhost:8000/polls/show/55/ at 2022-Feb-01 22:35:13 ---
Request : 55
Response : stdClass Object
(
    [code] => 0
    [message] => numero de carte inexistant
)

--- call http://localhost:8000/polls/show/55/ at 2022-Feb-01 22:35:13 ---
Request : 55
Response : stdClass Object
(
    [code] => 0
    [message] => numero de carte inexistant
)

--- call http://localhost:8000/polls/show/55/ at 2022-Feb-01 22:35:15 ---
Request : 55
Response : stdClass Object
(
    [code] => 0
    [message] => numero de carte inexistant
)

